INFO - Loading 1000 elements from file "./data/l_discount.csv" INFO - loaded 1000 elements from "./data/l_discount.csv" INFO - sorting using branching implementation INFO - elapsed: 232.4µs INFO - branch misses: 1929
INFO - Loading 1000 elements from file "./data/l_discount.csv" INFO - loaded 1000 elements from "./data/l_discount.csv" INFO - sorting using condition-assign implementation INFO - elapsed: 204.6µs INFO - branch misses: 419
INFO - Loading 6000 elements from file "./data/l_discount.csv" INFO - loaded 6000 elements from "./data/l_discount.csv" INFO - sorting using branching implementation INFO - elapsed: 5.084898ms INFO - branch misses: 15003
INFO - Loading 6000 elements from file "./data/l_discount.csv" INFO - loaded 6000 elements from "./data/l_discount.csv" INFO - sorting using condition-assign implementation INFO - elapsed: 2.911099ms INFO - branch misses: 5348
INFO - Loading 11000 elements from file "./data/l_discount.csv" INFO - loaded 11000 elements from "./data/l_discount.csv" INFO - sorting using branching implementation INFO - elapsed: 10.911497ms INFO - branch misses: 25852
INFO - Loading 11000 elements from file "./data/l_discount.csv" INFO - loaded 11000 elements from "./data/l_discount.csv" INFO - sorting using condition-assign implementation INFO - elapsed: 8.198298ms INFO - branch misses: 10893
INFO - Loading 16000 elements from file "./data/l_discount.csv" INFO - loaded 16000 elements from "./data/l_discount.csv" INFO - sorting using branching implementation INFO - elapsed: 19.272496ms INFO - branch misses: 40528
INFO - Loading 16000 elements from file "./data/l_discount.csv" INFO - loaded 16000 elements from "./data/l_discount.csv" INFO - sorting using condition-assign implementation INFO - elapsed: 17.249296ms INFO - branch misses: 16364
INFO - Loading 21000 elements from file "./data/l_discount.csv" INFO - loaded 21000 elements from "./data/l_discount.csv" INFO - sorting using branching implementation INFO - elapsed: 33.120993ms INFO - branch misses: 47852
INFO - Loading 21000 elements from file "./data/l_discount.csv" INFO - loaded 21000 elements from "./data/l_discount.csv" INFO - sorting using condition-assign implementation INFO - elapsed: 29.825194ms INFO - branch misses: 21523
INFO - Loading 26000 elements from file "./data/l_discount.csv" INFO - loaded 26000 elements from "./data/l_discount.csv" INFO - sorting using branching implementation INFO - elapsed: 50.38709ms INFO - branch misses: 64555
INFO - Loading 26000 elements from file "./data/l_discount.csv" INFO - loaded 26000 elements from "./data/l_discount.csv" INFO - sorting using condition-assign implementation INFO - elapsed: 45.505091ms INFO - branch misses: 26780
INFO - Loading 31000 elements from file "./data/l_discount.csv" INFO - loaded 31000 elements from "./data/l_discount.csv" INFO - sorting using branching implementation INFO - elapsed: 71.445186ms INFO - branch misses: 79212
INFO - Loading 31000 elements from file "./data/l_discount.csv" INFO - loaded 31000 elements from "./data/l_discount.csv" INFO - sorting using condition-assign implementation INFO - elapsed: 64.455087ms INFO - branch misses: 32137
INFO - Loading 36000 elements from file "./data/l_discount.csv" INFO - loaded 36000 elements from "./data/l_discount.csv" INFO - sorting using branching implementation INFO - elapsed: 96.978881ms INFO - branch misses: 91716
INFO - Loading 36000 elements from file "./data/l_discount.csv" INFO - loaded 36000 elements from "./data/l_discount.csv" INFO - sorting using condition-assign implementation INFO - elapsed: 86.555083ms INFO - branch misses: 37803
INFO - Loading 41000 elements from file "./data/l_discount.csv" INFO - loaded 41000 elements from "./data/l_discount.csv" INFO - sorting using branching implementation INFO - elapsed: 124.817575ms INFO - branch misses: 96839
INFO - Loading 41000 elements from file "./data/l_discount.csv" INFO - loaded 41000 elements from "./data/l_discount.csv" INFO - sorting using condition-assign implementation INFO - elapsed: 112.206278ms INFO - branch misses: 43010
INFO - Loading 46000 elements from file "./data/l_discount.csv" INFO - loaded 46000 elements from "./data/l_discount.csv" INFO - sorting using branching implementation INFO - elapsed: 157.416868ms INFO - branch misses: 112454
INFO - Loading 46000 elements from file "./data/l_discount.csv" INFO - loaded 46000 elements from "./data/l_discount.csv" INFO - sorting using condition-assign implementation INFO - elapsed: 145.58477ms INFO - branch misses: 48893
INFO - Loading 51000 elements from file "./data/l_discount.csv" INFO - loaded 51000 elements from "./data/l_discount.csv" INFO - sorting using branching implementation INFO - elapsed: 204.458958ms INFO - branch misses: 120285
INFO - Loading 51000 elements from file "./data/l_discount.csv" INFO - loaded 51000 elements from "./data/l_discount.csv" INFO - sorting using condition-assign implementation INFO - elapsed: 174.383064ms INFO - branch misses: 54408
INFO - Loading 56000 elements from file "./data/l_discount.csv" INFO - loaded 56000 elements from "./data/l_discount.csv" INFO - sorting using branching implementation INFO - elapsed: 245.378555ms INFO - branch misses: 139387
INFO - Loading 56000 elements from file "./data/l_discount.csv" INFO - loaded 56000 elements from "./data/l_discount.csv" INFO - sorting using condition-assign implementation INFO - elapsed: 208.846576ms INFO - branch misses: 59422
INFO - Loading 61000 elements from file "./data/l_discount.csv" INFO - loaded 61000 elements from "./data/l_discount.csv" INFO - sorting using branching implementation INFO - elapsed: 279.369724ms INFO - branch misses: 145219
INFO - Loading 61000 elements from file "./data/l_discount.csv" INFO - loaded 61000 elements from "./data/l_discount.csv" INFO - sorting using condition-assign implementation INFO - elapsed: 247.561163ms INFO - branch misses: 64559
INFO - Loading 66000 elements from file "./data/l_discount.csv" INFO - loaded 66000 elements from "./data/l_discount.csv" INFO - sorting using branching implementation INFO - elapsed: 322.558002ms INFO - branch misses: 169528
INFO - Loading 66000 elements from file "./data/l_discount.csv" INFO - loaded 66000 elements from "./data/l_discount.csv" INFO - sorting using condition-assign implementation INFO - elapsed: 289.704902ms INFO - branch misses: 70505
INFO - Loading 71000 elements from file "./data/l_discount.csv" INFO - loaded 71000 elements from "./data/l_discount.csv" INFO - sorting using branching implementation INFO - elapsed: 372.519602ms INFO - branch misses: 166334
INFO - Loading 71000 elements from file "./data/l_discount.csv" INFO - loaded 71000 elements from "./data/l_discount.csv" INFO - sorting using condition-assign implementation INFO - elapsed: 335.040602ms INFO - branch misses: 75317
INFO - Loading 76000 elements from file "./data/l_discount.csv" INFO - loaded 76000 elements from "./data/l_discount.csv" INFO - sorting using branching implementation INFO - elapsed: 444.436449ms INFO - branch misses: 174158
INFO - Loading 76000 elements from file "./data/l_discount.csv" INFO - loaded 76000 elements from "./data/l_discount.csv" INFO - sorting using condition-assign implementation INFO - elapsed: 384.332685ms INFO - branch misses: 80892
INFO - Loading 81000 elements from file "./data/l_discount.csv" INFO - loaded 81000 elements from "./data/l_discount.csv" INFO - sorting using branching implementation INFO - elapsed: 487.780543ms INFO - branch misses: 194491
INFO - Loading 81000 elements from file "./data/l_discount.csv" INFO - loaded 81000 elements from "./data/l_discount.csv" INFO - sorting using condition-assign implementation INFO - elapsed: 436.762865ms INFO - branch misses: 86001
INFO - Loading 86000 elements from file "./data/l_discount.csv" INFO - loaded 86000 elements from "./data/l_discount.csv" INFO - sorting using branching implementation INFO - elapsed: 545.714332ms INFO - branch misses: 211222
INFO - Loading 86000 elements from file "./data/l_discount.csv" INFO - loaded 86000 elements from "./data/l_discount.csv" INFO - sorting using condition-assign implementation INFO - elapsed: 491.459049ms INFO - branch misses: 92187
INFO - Loading 91000 elements from file "./data/l_discount.csv" INFO - loaded 91000 elements from "./data/l_discount.csv" INFO - sorting using branching implementation INFO - elapsed: 611.529891ms INFO - branch misses: 234303
INFO - Loading 91000 elements from file "./data/l_discount.csv" INFO - loaded 91000 elements from "./data/l_discount.csv" INFO - sorting using condition-assign implementation INFO - elapsed: 549.376911ms INFO - branch misses: 97146
INFO - Loading 96000 elements from file "./data/l_discount.csv" INFO - loaded 96000 elements from "./data/l_discount.csv" INFO - sorting using branching implementation INFO - elapsed: 680.10568ms INFO - branch misses: 237401
INFO - Loading 96000 elements from file "./data/l_discount.csv" INFO - loaded 96000 elements from "./data/l_discount.csv" INFO - sorting using condition-assign implementation INFO - elapsed: 611.976691ms INFO - branch misses: 102764
INFO - Loading 1000 elements from file "./data/l_extendedprice.csv" INFO - loaded 1000 elements from "./data/l_extendedprice.csv" INFO - sorting using branching implementation INFO - elapsed: 51.6µs INFO - branch misses: 4939
INFO - Loading 1000 elements from file "./data/l_extendedprice.csv" INFO - loaded 1000 elements from "./data/l_extendedprice.csv" INFO - sorting using condition-assign implementation INFO - elapsed: 32.7µs INFO - branch misses: 1333
INFO - Loading 6000 elements from file "./data/l_extendedprice.csv" INFO - loaded 6000 elements from "./data/l_extendedprice.csv" INFO - sorting using branching implementation INFO - elapsed: 342.401µs INFO - branch misses: 33319
INFO - Loading 6000 elements from file "./data/l_extendedprice.csv" INFO - loaded 6000 elements from "./data/l_extendedprice.csv" INFO - sorting using condition-assign implementation INFO - elapsed: 242.4µs INFO - branch misses: 6819
INFO - Loading 11000 elements from file "./data/l_extendedprice.csv" INFO - loaded 11000 elements from "./data/l_extendedprice.csv" INFO - sorting using branching implementation INFO - elapsed: 645.201µs INFO - branch misses: 72482
INFO - Loading 11000 elements from file "./data/l_extendedprice.csv" INFO - loaded 11000 elements from "./data/l_extendedprice.csv" INFO - sorting using condition-assign implementation INFO - elapsed: 349.501µs INFO - branch misses: 11506
INFO - Loading 16000 elements from file "./data/l_extendedprice.csv" INFO - loaded 16000 elements from "./data/l_extendedprice.csv" INFO - sorting using branching implementation INFO - elapsed: 997.601µs INFO - branch misses: 104002
INFO - Loading 16000 elements from file "./data/l_extendedprice.csv" INFO - loaded 16000 elements from "./data/l_extendedprice.csv" INFO - sorting using condition-assign implementation INFO - elapsed: 558.801µs INFO - branch misses: 17616
INFO - Loading 21000 elements from file "./data/l_extendedprice.csv" INFO - loaded 21000 elements from "./data/l_extendedprice.csv" INFO - sorting using branching implementation INFO - elapsed: 1.272101ms INFO - branch misses: 135796
INFO - Loading 21000 elements from file "./data/l_extendedprice.csv" INFO - loaded 21000 elements from "./data/l_extendedprice.csv" INFO - sorting using condition-assign implementation INFO - elapsed: 715.001µs INFO - branch misses: 20181
INFO - Loading 26000 elements from file "./data/l_extendedprice.csv" INFO - loaded 26000 elements from "./data/l_extendedprice.csv" INFO - sorting using branching implementation INFO - elapsed: 1.737303ms INFO - branch misses: 178555
INFO - Loading 26000 elements from file "./data/l_extendedprice.csv" INFO - loaded 26000 elements from "./data/l_extendedprice.csv" INFO - sorting using condition-assign implementation INFO - elapsed: 942.001µs INFO - branch misses: 25794
INFO - Loading 31000 elements from file "./data/l_extendedprice.csv" INFO - loaded 31000 elements from "./data/l_extendedprice.csv" INFO - sorting using branching implementation INFO - elapsed: 1.984402ms INFO - branch misses: 207822
INFO - Loading 31000 elements from file "./data/l_extendedprice.csv" INFO - loaded 31000 elements from "./data/l_extendedprice.csv" INFO - sorting using condition-assign implementation INFO - elapsed: 1.130802ms INFO - branch misses: 28542
INFO - Loading 36000 elements from file "./data/l_extendedprice.csv" INFO - loaded 36000 elements from "./data/l_extendedprice.csv" INFO - sorting using branching implementation INFO - elapsed: 2.637503ms INFO - branch misses: 241934
INFO - Loading 36000 elements from file "./data/l_extendedprice.csv" INFO - loaded 36000 elements from "./data/l_extendedprice.csv" INFO - sorting using condition-assign implementation INFO - elapsed: 1.690802ms INFO - branch misses: 36541
INFO - Loading 41000 elements from file "./data/l_extendedprice.csv" INFO - loaded 41000 elements from "./data/l_extendedprice.csv" INFO - sorting using branching implementation INFO - elapsed: 3.722511ms INFO - branch misses: 279322
INFO - Loading 41000 elements from file "./data/l_extendedprice.csv" INFO - loaded 41000 elements from "./data/l_extendedprice.csv" INFO - sorting using condition-assign implementation INFO - elapsed: 1.470905ms INFO - branch misses: 40669
INFO - Loading 46000 elements from file "./data/l_extendedprice.csv" INFO - loaded 46000 elements from "./data/l_extendedprice.csv" INFO - sorting using branching implementation INFO - elapsed: 3.14281ms INFO - branch misses: 329807
INFO - Loading 46000 elements from file "./data/l_extendedprice.csv" INFO - loaded 46000 elements from "./data/l_extendedprice.csv" INFO - sorting using condition-assign implementation INFO - elapsed: 2.210707ms INFO - branch misses: 45610
INFO - Loading 51000 elements from file "./data/l_extendedprice.csv" INFO - loaded 51000 elements from "./data/l_extendedprice.csv" INFO - sorting using branching implementation INFO - elapsed: 3.30751ms INFO - branch misses: 344062
INFO - Loading 51000 elements from file "./data/l_extendedprice.csv" INFO - loaded 51000 elements from "./data/l_extendedprice.csv" INFO - sorting using condition-assign implementation INFO - elapsed: 2.330107ms INFO - branch misses: 47699
INFO - Loading 56000 elements from file "./data/l_extendedprice.csv" INFO - loaded 56000 elements from "./data/l_extendedprice.csv" INFO - sorting using branching implementation INFO - elapsed: 9.132827ms INFO - branch misses: 376700
INFO - Loading 56000 elements from file "./data/l_extendedprice.csv" INFO - loaded 56000 elements from "./data/l_extendedprice.csv" INFO - sorting using condition-assign implementation INFO - elapsed: 3.951211ms INFO - branch misses: 51769
INFO - Loading 61000 elements from file "./data/l_extendedprice.csv" INFO - loaded 61000 elements from "./data/l_extendedprice.csv" INFO - sorting using branching implementation INFO - elapsed: 4.382713ms INFO - branch misses: 427050
INFO - Loading 61000 elements from file "./data/l_extendedprice.csv" INFO - loaded 61000 elements from "./data/l_extendedprice.csv" INFO - sorting using condition-assign implementation INFO - elapsed: 2.333507ms INFO - branch misses: 58000
INFO - Loading 66000 elements from file "./data/l_extendedprice.csv" INFO - loaded 66000 elements from "./data/l_extendedprice.csv" INFO - sorting using branching implementation INFO - elapsed: 5.319016ms INFO - branch misses: 464849
INFO - Loading 66000 elements from file "./data/l_extendedprice.csv" INFO - loaded 66000 elements from "./data/l_extendedprice.csv" INFO - sorting using condition-assign implementation INFO - elapsed: 2.512008ms INFO - branch misses: 62832
INFO - Loading 71000 elements from file "./data/l_extendedprice.csv" INFO - loaded 71000 elements from "./data/l_extendedprice.csv" INFO - sorting using branching implementation INFO - elapsed: 6.80152ms INFO - branch misses: 503122
INFO - Loading 71000 elements from file "./data/l_extendedprice.csv" INFO - loaded 71000 elements from "./data/l_extendedprice.csv" INFO - sorting using condition-assign implementation INFO - elapsed: 2.564607ms INFO - branch misses: 69293
INFO - Loading 76000 elements from file "./data/l_extendedprice.csv" INFO - loaded 76000 elements from "./data/l_extendedprice.csv" INFO - sorting using branching implementation INFO - elapsed: 5.226615ms INFO - branch misses: 556252
INFO - Loading 76000 elements from file "./data/l_extendedprice.csv" INFO - loaded 76000 elements from "./data/l_extendedprice.csv" INFO - sorting using condition-assign implementation INFO - elapsed: 2.987909ms INFO - branch misses: 70813
INFO - Loading 81000 elements from file "./data/l_extendedprice.csv" INFO - loaded 81000 elements from "./data/l_extendedprice.csv" INFO - sorting using branching implementation INFO - elapsed: 5.505516ms INFO - branch misses: 577715
INFO - Loading 81000 elements from file "./data/l_extendedprice.csv" INFO - loaded 81000 elements from "./data/l_extendedprice.csv" INFO - sorting using condition-assign implementation INFO - elapsed: 3.975312ms INFO - branch misses: 87511
INFO - Loading 86000 elements from file "./data/l_extendedprice.csv" INFO - loaded 86000 elements from "./data/l_extendedprice.csv" INFO - sorting using branching implementation INFO - elapsed: 5.903596ms INFO - branch misses: 624032
INFO - Loading 86000 elements from file "./data/l_extendedprice.csv" INFO - loaded 86000 elements from "./data/l_extendedprice.csv" INFO - sorting using condition-assign implementation INFO - elapsed: 3.260598ms INFO - branch misses: 79390
INFO - Loading 91000 elements from file "./data/l_extendedprice.csv" INFO - loaded 91000 elements from "./data/l_extendedprice.csv" INFO - sorting using branching implementation INFO - elapsed: 6.413796ms INFO - branch misses: 660702
INFO - Loading 91000 elements from file "./data/l_extendedprice.csv" INFO - loaded 91000 elements from "./data/l_extendedprice.csv" INFO - sorting using condition-assign implementation INFO - elapsed: 3.645698ms INFO - branch misses: 87022
INFO - Loading 96000 elements from file "./data/l_extendedprice.csv" INFO - loaded 96000 elements from "./data/l_extendedprice.csv" INFO - sorting using branching implementation INFO - elapsed: 6.662895ms INFO - branch misses: 697631
INFO - Loading 96000 elements from file "./data/l_extendedprice.csv" INFO - loaded 96000 elements from "./data/l_extendedprice.csv" INFO - sorting using condition-assign implementation INFO - elapsed: 3.709397ms INFO - branch misses: 92922
INFO - Loading 1000 elements from file "./data/l_orderkey.csv" INFO - loaded 1000 elements from "./data/l_orderkey.csv" INFO - sorting using branching implementation INFO - elapsed: 928.999µs INFO - branch misses: 1153
INFO - Loading 1000 elements from file "./data/l_orderkey.csv" INFO - loaded 1000 elements from "./data/l_orderkey.csv" INFO - sorting using condition-assign implementation INFO - elapsed: 849.799µs INFO - branch misses: 1210
INFO - Loading 6000 elements from file "./data/l_orderkey.csv" INFO - loaded 6000 elements from "./data/l_orderkey.csv" INFO - sorting using branching implementation INFO - elapsed: 29.650579ms INFO - branch misses: 6418
INFO - Loading 6000 elements from file "./data/l_orderkey.csv" INFO - loaded 6000 elements from "./data/l_orderkey.csv" INFO - sorting using condition-assign implementation INFO - elapsed: 26.608881ms INFO - branch misses: 6706
INFO - Loading 11000 elements from file "./data/l_orderkey.csv" INFO - loaded 11000 elements from "./data/l_orderkey.csv" INFO - sorting using branching implementation INFO - elapsed: 98.434131ms INFO - branch misses: 11847
INFO - Loading 11000 elements from file "./data/l_orderkey.csv" INFO - loaded 11000 elements from "./data/l_orderkey.csv" INFO - sorting using condition-assign implementation INFO - elapsed: 89.226538ms INFO - branch misses: 12417
INFO - Loading 16000 elements from file "./data/l_orderkey.csv" INFO - loaded 16000 elements from "./data/l_orderkey.csv" INFO - sorting using branching implementation INFO - elapsed: 208.521654ms INFO - branch misses: 17457
INFO - Loading 16000 elements from file "./data/l_orderkey.csv" INFO - loaded 16000 elements from "./data/l_orderkey.csv" INFO - sorting using condition-assign implementation INFO - elapsed: 187.445768ms INFO - branch misses: 18245
INFO - Loading 21000 elements from file "./data/l_orderkey.csv" INFO - loaded 21000 elements from "./data/l_orderkey.csv" INFO - sorting using branching implementation INFO - elapsed: 358.111549ms INFO - branch misses: 23171
INFO - Loading 21000 elements from file "./data/l_orderkey.csv" INFO - loaded 21000 elements from "./data/l_orderkey.csv" INFO - sorting using condition-assign implementation INFO - elapsed: 323.046473ms INFO - branch misses: 24138
INFO - Loading 26000 elements from file "./data/l_orderkey.csv" INFO - loaded 26000 elements from "./data/l_orderkey.csv" INFO - sorting using branching implementation INFO - elapsed: 555.292011ms INFO - branch misses: 29118
INFO - Loading 26000 elements from file "./data/l_orderkey.csv" INFO - loaded 26000 elements from "./data/l_orderkey.csv" INFO - sorting using condition-assign implementation INFO - elapsed: 494.299097ms INFO - branch misses: 30238
INFO - Loading 31000 elements from file "./data/l_orderkey.csv" INFO - loaded 31000 elements from "./data/l_orderkey.csv" INFO - sorting using branching implementation INFO - elapsed: 781.373655ms INFO - branch misses: 35299
INFO - Loading 31000 elements from file "./data/l_orderkey.csv" INFO - loaded 31000 elements from "./data/l_orderkey.csv" INFO - sorting using condition-assign implementation INFO - elapsed: 702.961539ms INFO - branch misses: 36608
INFO - Loading 36000 elements from file "./data/l_orderkey.csv" INFO - loaded 36000 elements from "./data/l_orderkey.csv" INFO - sorting using branching implementation INFO - elapsed: 1.050602008s INFO - branch misses: 41381
INFO - Loading 36000 elements from file "./data/l_orderkey.csv" INFO - loaded 36000 elements from "./data/l_orderkey.csv" INFO - sorting using condition-assign implementation INFO - elapsed: 948.018013ms INFO - branch misses: 42895
INFO - Loading 41000 elements from file "./data/l_orderkey.csv" INFO - loaded 41000 elements from "./data/l_orderkey.csv" INFO - sorting using branching implementation INFO - elapsed: 1.361852437s INFO - branch misses: 47723
INFO - Loading 41000 elements from file "./data/l_orderkey.csv" INFO - loaded 41000 elements from "./data/l_orderkey.csv" INFO - sorting using condition-assign implementation INFO - elapsed: 1.229489352s INFO - branch misses: 49434
INFO - Loading 46000 elements from file "./data/l_orderkey.csv" INFO - loaded 46000 elements from "./data/l_orderkey.csv" INFO - sorting using branching implementation INFO - elapsed: 1.71802408s INFO - branch misses: 54316
INFO - Loading 46000 elements from file "./data/l_orderkey.csv" INFO - loaded 46000 elements from "./data/l_orderkey.csv" INFO - sorting using condition-assign implementation INFO - elapsed: 1.558684402s INFO - branch misses: 56435
INFO - Loading 51000 elements from file "./data/l_orderkey.csv" INFO - loaded 51000 elements from "./data/l_orderkey.csv" INFO - sorting using branching implementation INFO - elapsed: 2.120492545s INFO - branch misses: 61592
INFO - Loading 51000 elements from file "./data/l_orderkey.csv" INFO - loaded 51000 elements from "./data/l_orderkey.csv" INFO - sorting using condition-assign implementation INFO - elapsed: 1.902786532s INFO - branch misses: 62993
INFO - Loading 56000 elements from file "./data/l_orderkey.csv" INFO - loaded 56000 elements from "./data/l_orderkey.csv" INFO - sorting using branching implementation INFO - elapsed: 2.571064766s INFO - branch misses: 68714
INFO - Loading 56000 elements from file "./data/l_orderkey.csv" INFO - loaded 56000 elements from "./data/l_orderkey.csv" INFO - sorting using condition-assign implementation INFO - elapsed: 2.300137638s INFO - branch misses: 70311
INFO - Loading 61000 elements from file "./data/l_orderkey.csv" INFO - loaded 61000 elements from "./data/l_orderkey.csv" INFO - sorting using branching implementation INFO - elapsed: 3.02561441s INFO - branch misses: 75200
INFO - Loading 61000 elements from file "./data/l_orderkey.csv" INFO - loaded 61000 elements from "./data/l_orderkey.csv" INFO - sorting using condition-assign implementation INFO - elapsed: 2.728599225s INFO - branch misses: 77268
INFO - Loading 66000 elements from file "./data/l_orderkey.csv" INFO - loaded 66000 elements from "./data/l_orderkey.csv" INFO - sorting using branching implementation INFO - elapsed: 3.547169631s INFO - branch misses: 82274
INFO - Loading 66000 elements from file "./data/l_orderkey.csv" INFO - loaded 66000 elements from "./data/l_orderkey.csv" INFO - sorting using condition-assign implementation INFO - elapsed: 3.203168966s INFO - branch misses: 84685
INFO - Loading 71000 elements from file "./data/l_orderkey.csv" INFO - loaded 71000 elements from "./data/l_orderkey.csv" INFO - sorting using branching implementation INFO - elapsed: 4.089496969s INFO - branch misses: 89249
INFO - Loading 71000 elements from file "./data/l_orderkey.csv" INFO - loaded 71000 elements from "./data/l_orderkey.csv" INFO - sorting using condition-assign implementation INFO - elapsed: 3.691796211s INFO - branch misses: 91379
INFO - Loading 76000 elements from file "./data/l_orderkey.csv" INFO - loaded 76000 elements from "./data/l_orderkey.csv" INFO - sorting using branching implementation INFO - elapsed: 4.686833928s INFO - branch misses: 96765
INFO - Loading 76000 elements from file "./data/l_orderkey.csv" INFO - loaded 76000 elements from "./data/l_orderkey.csv" INFO - sorting using condition-assign implementation INFO - elapsed: 4.229390694s INFO - branch misses: 99300
INFO - Loading 81000 elements from file "./data/l_orderkey.csv" INFO - loaded 81000 elements from "./data/l_orderkey.csv" INFO - sorting using branching implementation INFO - elapsed: 5.333544608s INFO - branch misses: 104277
INFO - Loading 81000 elements from file "./data/l_orderkey.csv" INFO - loaded 81000 elements from "./data/l_orderkey.csv" INFO - sorting using condition-assign implementation INFO - elapsed: 4.808552043s INFO - branch misses: 107184
INFO - Loading 86000 elements from file "./data/l_orderkey.csv" INFO - loaded 86000 elements from "./data/l_orderkey.csv" INFO - sorting using branching implementation INFO - elapsed: 6.008712308s INFO - branch misses: 112696
INFO - Loading 86000 elements from file "./data/l_orderkey.csv" INFO - loaded 86000 elements from "./data/l_orderkey.csv" INFO - sorting using condition-assign implementation INFO - elapsed: 5.765890794s INFO - branch misses: 133324
INFO - Loading 91000 elements from file "./data/l_orderkey.csv" INFO - loaded 91000 elements from "./data/l_orderkey.csv" INFO - sorting using branching implementation INFO - elapsed: 6.839256951s INFO - branch misses: 124491
INFO - Loading 91000 elements from file "./data/l_orderkey.csv" INFO - loaded 91000 elements from "./data/l_orderkey.csv" INFO - sorting using condition-assign implementation INFO - elapsed: 6.172602847s INFO - branch misses: 128050
INFO - Loading 96000 elements from file "./data/l_orderkey.csv" INFO - loaded 96000 elements from "./data/l_orderkey.csv" INFO - sorting using branching implementation INFO - elapsed: 7.530320635s INFO - branch misses: 129977
INFO - Loading 96000 elements from file "./data/l_orderkey.csv" INFO - loaded 96000 elements from "./data/l_orderkey.csv" INFO - sorting using condition-assign implementation INFO - elapsed: 6.838704475s INFO - branch misses: 134083
INFO - Loading 1000 elements from file "./data/l_tax.csv" INFO - loaded 1000 elements from "./data/l_tax.csv" INFO - sorting using branching implementation INFO - elapsed: 156.7µs INFO - branch misses: 1944
INFO - Loading 1000 elements from file "./data/l_tax.csv" INFO - loaded 1000 elements from "./data/l_tax.csv" INFO - sorting using condition-assign implementation INFO - elapsed: 97.3µs INFO - branch misses: 546
INFO - Loading 6000 elements from file "./data/l_tax.csv" INFO - loaded 6000 elements from "./data/l_tax.csv" INFO - sorting using branching implementation INFO - elapsed: 3.4003ms INFO - branch misses: 13282
INFO - Loading 6000 elements from file "./data/l_tax.csv" INFO - loaded 6000 elements from "./data/l_tax.csv" INFO - sorting using condition-assign implementation INFO - elapsed: 3.0786ms INFO - branch misses: 5793
INFO - Loading 11000 elements from file "./data/l_tax.csv" INFO - loaded 11000 elements from "./data/l_tax.csv" INFO - sorting using branching implementation INFO - elapsed: 15.7306ms INFO - branch misses: 26623
INFO - Loading 11000 elements from file "./data/l_tax.csv" INFO - loaded 11000 elements from "./data/l_tax.csv" INFO - sorting using condition-assign implementation INFO - elapsed: 14.330999ms INFO - branch misses: 11373
INFO - Loading 16000 elements from file "./data/l_tax.csv" INFO - loaded 16000 elements from "./data/l_tax.csv" INFO - sorting using branching implementation INFO - elapsed: 29.253399ms INFO - branch misses: 35667
INFO - Loading 16000 elements from file "./data/l_tax.csv" INFO - loaded 16000 elements from "./data/l_tax.csv" INFO - sorting using condition-assign implementation INFO - elapsed: 21.2103ms INFO - branch misses: 16846
INFO - Loading 21000 elements from file "./data/l_tax.csv" INFO - loaded 21000 elements from "./data/l_tax.csv" INFO - sorting using branching implementation INFO - elapsed: 43.913299ms INFO - branch misses: 46514
INFO - Loading 21000 elements from file "./data/l_tax.csv" INFO - loaded 21000 elements from "./data/l_tax.csv" INFO - sorting using condition-assign implementation INFO - elapsed: 37.944999ms INFO - branch misses: 21820
INFO - Loading 26000 elements from file "./data/l_tax.csv" INFO - loaded 26000 elements from "./data/l_tax.csv" INFO - sorting using branching implementation INFO - elapsed: 61.666799ms INFO - branch misses: 61101
INFO - Loading 26000 elements from file "./data/l_tax.csv" INFO - loaded 26000 elements from "./data/l_tax.csv" INFO - sorting using condition-assign implementation INFO - elapsed: 55.556799ms INFO - branch misses: 27628
INFO - Loading 31000 elements from file "./data/l_tax.csv" INFO - loaded 31000 elements from "./data/l_tax.csv" INFO - sorting using branching implementation INFO - elapsed: 87.158799ms INFO - branch misses: 68609
INFO - Loading 31000 elements from file "./data/l_tax.csv" INFO - loaded 31000 elements from "./data/l_tax.csv" INFO - sorting using condition-assign implementation INFO - elapsed: 78.546698ms INFO - branch misses: 32808
INFO - Loading 36000 elements from file "./data/l_tax.csv" INFO - loaded 36000 elements from "./data/l_tax.csv" INFO - sorting using branching implementation INFO - elapsed: 117.730698ms INFO - branch misses: 91230
INFO - Loading 36000 elements from file "./data/l_tax.csv" INFO - loaded 36000 elements from "./data/l_tax.csv" INFO - sorting using condition-assign implementation INFO - elapsed: 105.982698ms INFO - branch misses: 38341
INFO - Loading 41000 elements from file "./data/l_tax.csv" INFO - loaded 41000 elements from "./data/l_tax.csv" INFO - sorting using branching implementation INFO - elapsed: 153.139815ms INFO - branch misses: 94227
INFO - Loading 41000 elements from file "./data/l_tax.csv" INFO - loaded 41000 elements from "./data/l_tax.csv" INFO - sorting using condition-assign implementation INFO - elapsed: 141.477114ms INFO - branch misses: 43622
INFO - Loading 46000 elements from file "./data/l_tax.csv" INFO - loaded 46000 elements from "./data/l_tax.csv" INFO - sorting using branching implementation INFO - elapsed: 192.586518ms INFO - branch misses: 111580
INFO - Loading 46000 elements from file "./data/l_tax.csv" INFO - loaded 46000 elements from "./data/l_tax.csv" INFO - sorting using condition-assign implementation INFO - elapsed: 173.218517ms INFO - branch misses: 48852
INFO - Loading 51000 elements from file "./data/l_tax.csv" INFO - loaded 51000 elements from "./data/l_tax.csv" INFO - sorting using branching implementation INFO - elapsed: 235.662723ms INFO - branch misses: 119808
INFO - Loading 51000 elements from file "./data/l_tax.csv" INFO - loaded 51000 elements from "./data/l_tax.csv" INFO - sorting using condition-assign implementation INFO - elapsed: 212.86842ms INFO - branch misses: 54485
INFO - Loading 56000 elements from file "./data/l_tax.csv" INFO - loaded 56000 elements from "./data/l_tax.csv" INFO - sorting using branching implementation INFO - elapsed: 284.451627ms INFO - branch misses: 137231
INFO - Loading 56000 elements from file "./data/l_tax.csv" INFO - loaded 56000 elements from "./data/l_tax.csv" INFO - sorting using condition-assign implementation INFO - elapsed: 255.151424ms INFO - branch misses: 59429
INFO - Loading 61000 elements from file "./data/l_tax.csv" INFO - loaded 61000 elements from "./data/l_tax.csv" INFO - sorting using branching implementation INFO - elapsed: 338.081732ms INFO - branch misses: 136717
INFO - Loading 61000 elements from file "./data/l_tax.csv" INFO - loaded 61000 elements from "./data/l_tax.csv" INFO - sorting using condition-assign implementation INFO - elapsed: 317.586331ms INFO - branch misses: 67100
INFO - Loading 66000 elements from file "./data/l_tax.csv" INFO - loaded 66000 elements from "./data/l_tax.csv" INFO - sorting using branching implementation INFO - elapsed: 395.028946ms INFO - branch misses: 146090
INFO - Loading 66000 elements from file "./data/l_tax.csv" INFO - loaded 66000 elements from "./data/l_tax.csv" INFO - sorting using condition-assign implementation INFO - elapsed: 367.254648ms INFO - branch misses: 71601
INFO - Loading 71000 elements from file "./data/l_tax.csv" INFO - loaded 71000 elements from "./data/l_tax.csv" INFO - sorting using branching implementation INFO - elapsed: 465.317461ms INFO - branch misses: 173808
INFO - Loading 71000 elements from file "./data/l_tax.csv" INFO - loaded 71000 elements from "./data/l_tax.csv" INFO - sorting using condition-assign implementation INFO - elapsed: 423.840456ms INFO - branch misses: 77700
INFO - Loading 76000 elements from file "./data/l_tax.csv" INFO - loaded 76000 elements from "./data/l_tax.csv" INFO - sorting using branching implementation INFO - elapsed: 537.97267ms INFO - branch misses: 167681
INFO - Loading 76000 elements from file "./data/l_tax.csv" INFO - loaded 76000 elements from "./data/l_tax.csv" INFO - sorting using condition-assign implementation INFO - elapsed: 513.156667ms INFO - branch misses: 84249
INFO - Loading 81000 elements from file "./data/l_tax.csv" INFO - loaded 81000 elements from "./data/l_tax.csv" INFO - sorting using branching implementation INFO - elapsed: 625.768843ms INFO - branch misses: 182818
INFO - Loading 81000 elements from file "./data/l_tax.csv" INFO - loaded 81000 elements from "./data/l_tax.csv" INFO - sorting using condition-assign implementation INFO - elapsed: 539.120625ms INFO - branch misses: 87328
INFO - Loading 86000 elements from file "./data/l_tax.csv" INFO - loaded 86000 elements from "./data/l_tax.csv" INFO - sorting using branching implementation INFO - elapsed: 687.907759ms INFO - branch misses: 201519
INFO - Loading 86000 elements from file "./data/l_tax.csv" INFO - loaded 86000 elements from "./data/l_tax.csv" INFO - sorting using condition-assign implementation INFO - elapsed: 603.516739ms INFO - branch misses: 93808
INFO - Loading 91000 elements from file "./data/l_tax.csv" INFO - loaded 91000 elements from "./data/l_tax.csv" INFO - sorting using branching implementation INFO - elapsed: 752.716674ms INFO - branch misses: 199855
INFO - Loading 91000 elements from file "./data/l_tax.csv" INFO - loaded 91000 elements from "./data/l_tax.csv" INFO - sorting using condition-assign implementation INFO - elapsed: 682.426635ms INFO - branch misses: 99792
INFO - Loading 96000 elements from file "./data/l_tax.csv" INFO - loaded 96000 elements from "./data/l_tax.csv" INFO - sorting using branching implementation INFO - elapsed: 895.324646ms INFO - branch misses: 216819
INFO - Loading 96000 elements from file "./data/l_tax.csv" INFO - loaded 96000 elements from "./data/l_tax.csv" INFO - sorting using condition-assign implementation INFO - elapsed: 773.31484ms INFO - branch misses: 104952
INFO - Loading 1000 elements from file "./data/data.csv" INFO - loaded 0 elements from "./data/data.csv" INFO - elapsed: 2.3µs INFO - branch misses: 44
INFO - Loading 1000 elements from file "./data/data.csv" INFO - loaded 0 elements from "./data/data.csv" INFO - elapsed: 2.3µs INFO - branch misses: 38
INFO - Loading 6000 elements from file "./data/data.csv" INFO - loaded 0 elements from "./data/data.csv" INFO - elapsed: 2.2µs INFO - branch misses: 44
INFO - Loading 6000 elements from file "./data/data.csv" INFO - loaded 0 elements from "./data/data.csv" INFO - elapsed: 2.2µs INFO - branch misses: 43
INFO - Loading 11000 elements from file "./data/data.csv" INFO - loaded 0 elements from "./data/data.csv" INFO - elapsed: 2.2µs INFO - branch misses: 41
INFO - Loading 11000 elements from file "./data/data.csv" INFO - loaded 0 elements from "./data/data.csv" INFO - elapsed: 2.3µs INFO - branch misses: 41
INFO - Loading 16000 elements from file "./data/data.csv" INFO - loaded 0 elements from "./data/data.csv" INFO - elapsed: 2.2µs INFO - branch misses: 39
INFO - Loading 16000 elements from file "./data/data.csv" INFO - loaded 0 elements from "./data/data.csv" INFO - elapsed: 2.2µs INFO - branch misses: 44
INFO - Loading 21000 elements from file "./data/data.csv" INFO - loaded 0 elements from "./data/data.csv" INFO - elapsed: 2.2µs INFO - branch misses: 40
INFO - Loading 21000 elements from file "./data/data.csv" INFO - loaded 0 elements from "./data/data.csv" INFO - elapsed: 2.3µs INFO - branch misses: 44
INFO - Loading 26000 elements from file "./data/data.csv" INFO - loaded 0 elements from "./data/data.csv" INFO - elapsed: 2.3µs INFO - branch misses: 45
INFO - Loading 26000 elements from file "./data/data.csv" INFO - loaded 0 elements from "./data/data.csv" INFO - elapsed: 2.3µs INFO - branch misses: 45
INFO - Loading 31000 elements from file "./data/data.csv" INFO - loaded 0 elements from "./data/data.csv" INFO - elapsed: 2.3µs INFO - branch misses: 45
INFO - Loading 31000 elements from file "./data/data.csv" INFO - loaded 0 elements from "./data/data.csv" INFO - elapsed: 2.2µs INFO - branch misses: 45
INFO - Loading 36000 elements from file "./data/data.csv" INFO - loaded 0 elements from "./data/data.csv" INFO - elapsed: 2.2µs INFO - branch misses: 38
INFO - Loading 36000 elements from file "./data/data.csv" INFO - loaded 0 elements from "./data/data.csv" INFO - elapsed: 2.2µs INFO - branch misses: 41
INFO - Loading 41000 elements from file "./data/data.csv" INFO - loaded 0 elements from "./data/data.csv" INFO - elapsed: 2.4µs INFO - branch misses: 45
INFO - Loading 41000 elements from file "./data/data.csv" INFO - loaded 0 elements from "./data/data.csv" INFO - elapsed: 2.2µs INFO - branch misses: 45
INFO - Loading 46000 elements from file "./data/data.csv" INFO - loaded 0 elements from "./data/data.csv" INFO - elapsed: 2.3µs INFO - branch misses: 45
INFO - Loading 46000 elements from file "./data/data.csv" INFO - loaded 0 elements from "./data/data.csv" INFO - elapsed: 2.4µs INFO - branch misses: 43
INFO - Loading 51000 elements from file "./data/data.csv" INFO - loaded 0 elements from "./data/data.csv" INFO - elapsed: 2.3µs INFO - branch misses: 49
INFO - Loading 51000 elements from file "./data/data.csv" INFO - loaded 0 elements from "./data/data.csv" INFO - elapsed: 2.2µs INFO - branch misses: 44
INFO - Loading 56000 elements from file "./data/data.csv" INFO - loaded 0 elements from "./data/data.csv" INFO - elapsed: 2.2µs INFO - branch misses: 44
INFO - Loading 56000 elements from file "./data/data.csv" INFO - loaded 0 elements from "./data/data.csv" INFO - elapsed: 2.3µs INFO - branch misses: 46
INFO - Loading 61000 elements from file "./data/data.csv" INFO - loaded 0 elements from "./data/data.csv" INFO - elapsed: 2.2µs INFO - branch misses: 45
INFO - Loading 61000 elements from file "./data/data.csv" INFO - loaded 0 elements from "./data/data.csv" INFO - elapsed: 2.4µs INFO - branch misses: 44
INFO - Loading 66000 elements from file "./data/data.csv" INFO - loaded 0 elements from "./data/data.csv" INFO - elapsed: 2.4µs INFO - branch misses: 44
INFO - Loading 66000 elements from file "./data/data.csv" INFO - loaded 0 elements from "./data/data.csv" INFO - elapsed: 2.4µs INFO - branch misses: 39
INFO - Loading 71000 elements from file "./data/data.csv" INFO - loaded 0 elements from "./data/data.csv" INFO - elapsed: 2.3µs INFO - branch misses: 43
INFO - Loading 71000 elements from file "./data/data.csv" INFO - loaded 0 elements from "./data/data.csv" INFO - elapsed: 2.3µs INFO - branch misses: 41
INFO - Loading 76000 elements from file "./data/data.csv" INFO - loaded 0 elements from "./data/data.csv" INFO - elapsed: 2.2µs INFO - branch misses: 40
INFO - Loading 76000 elements from file "./data/data.csv" INFO - loaded 0 elements from "./data/data.csv" INFO - elapsed: 2.2µs INFO - branch misses: 43
INFO - Loading 81000 elements from file "./data/data.csv" INFO - loaded 0 elements from "./data/data.csv" INFO - elapsed: 2.3µs INFO - branch misses: 43
INFO - Loading 81000 elements from file "./data/data.csv" INFO - loaded 0 elements from "./data/data.csv" INFO - elapsed: 2.3µs INFO - branch misses: 40
INFO - Loading 86000 elements from file "./data/data.csv" INFO - loaded 0 elements from "./data/data.csv" INFO - elapsed: 2.3µs INFO - branch misses: 39
INFO - Loading 86000 elements from file "./data/data.csv" INFO - loaded 0 elements from "./data/data.csv" INFO - elapsed: 2.2µs INFO - branch misses: 39
INFO - Loading 91000 elements from file "./data/data.csv" INFO - loaded 0 elements from "./data/data.csv" INFO - elapsed: 2.3µs INFO - branch misses: 40
INFO - Loading 91000 elements from file "./data/data.csv" INFO - loaded 0 elements from "./data/data.csv" INFO - elapsed: 2.4µs INFO - branch misses: 41
INFO - Loading 96000 elements from file "./data/data.csv" INFO - loaded 0 elements from "./data/data.csv" INFO - elapsed: 2.1µs INFO - branch misses: 44
INFO - Loading 96000 elements from file "./data/data.csv" INFO - loaded 0 elements from "./data/data.csv" INFO - elapsed: 2.3µs INFO - branch misses: 42
