INFO - Loading 1000 elements from file "./data/l_discount.csv" INFO - loaded 1000 elements from "./data/l_discount.csv" INFO - sorting using branching implementation INFO - elapsed: 181.118µs INFO - branch misses: 1986
INFO - Loading 1000 elements from file "./data/l_discount.csv" INFO - loaded 1000 elements from "./data/l_discount.csv" INFO - sorting using condition-assign implementation INFO - elapsed: 199.687µs INFO - branch misses: 271
INFO - Loading 6000 elements from file "./data/l_discount.csv" INFO - loaded 6000 elements from "./data/l_discount.csv" INFO - sorting using branching implementation INFO - elapsed: 4.626259ms INFO - branch misses: 15166
INFO - Loading 6000 elements from file "./data/l_discount.csv" INFO - loaded 6000 elements from "./data/l_discount.csv" INFO - sorting using condition-assign implementation INFO - elapsed: 3.915394ms INFO - branch misses: 5557
INFO - Loading 11000 elements from file "./data/l_discount.csv" INFO - loaded 11000 elements from "./data/l_discount.csv" INFO - sorting using branching implementation INFO - elapsed: 8.905836ms INFO - branch misses: 25914
INFO - Loading 11000 elements from file "./data/l_discount.csv" INFO - loaded 11000 elements from "./data/l_discount.csv" INFO - sorting using condition-assign implementation INFO - elapsed: 8.206638ms INFO - branch misses: 11409
INFO - Loading 16000 elements from file "./data/l_discount.csv" INFO - loaded 16000 elements from "./data/l_discount.csv" INFO - sorting using branching implementation INFO - elapsed: 18.787944ms INFO - branch misses: 40554
INFO - Loading 16000 elements from file "./data/l_discount.csv" INFO - loaded 16000 elements from "./data/l_discount.csv" INFO - sorting using condition-assign implementation INFO - elapsed: 16.908994ms INFO - branch misses: 16215
INFO - Loading 21000 elements from file "./data/l_discount.csv" INFO - loaded 21000 elements from "./data/l_discount.csv" INFO - sorting using branching implementation INFO - elapsed: 32.15749ms INFO - branch misses: 47602
INFO - Loading 21000 elements from file "./data/l_discount.csv" INFO - loaded 21000 elements from "./data/l_discount.csv" INFO - sorting using condition-assign implementation INFO - elapsed: 33.48307ms INFO - branch misses: 21847
INFO - Loading 26000 elements from file "./data/l_discount.csv" INFO - loaded 26000 elements from "./data/l_discount.csv" INFO - sorting using branching implementation INFO - elapsed: 49.475485ms INFO - branch misses: 64420
INFO - Loading 26000 elements from file "./data/l_discount.csv" INFO - loaded 26000 elements from "./data/l_discount.csv" INFO - sorting using condition-assign implementation INFO - elapsed: 45.499329ms INFO - branch misses: 27101
INFO - Loading 31000 elements from file "./data/l_discount.csv" INFO - loaded 31000 elements from "./data/l_discount.csv" INFO - sorting using branching implementation INFO - elapsed: 69.912069ms INFO - branch misses: 79445
INFO - Loading 31000 elements from file "./data/l_discount.csv" INFO - loaded 31000 elements from "./data/l_discount.csv" INFO - sorting using condition-assign implementation INFO - elapsed: 63.177811ms INFO - branch misses: 33026
INFO - Loading 36000 elements from file "./data/l_discount.csv" INFO - loaded 36000 elements from "./data/l_discount.csv" INFO - sorting using branching implementation INFO - elapsed: 94.178591ms INFO - branch misses: 91391
INFO - Loading 36000 elements from file "./data/l_discount.csv" INFO - loaded 36000 elements from "./data/l_discount.csv" INFO - sorting using condition-assign implementation INFO - elapsed: 84.392534ms INFO - branch misses: 37858
INFO - Loading 41000 elements from file "./data/l_discount.csv" INFO - loaded 41000 elements from "./data/l_discount.csv" INFO - sorting using branching implementation INFO - elapsed: 122.176861ms INFO - branch misses: 97274
INFO - Loading 41000 elements from file "./data/l_discount.csv" INFO - loaded 41000 elements from "./data/l_discount.csv" INFO - sorting using condition-assign implementation INFO - elapsed: 115.746704ms INFO - branch misses: 43529
INFO - Loading 46000 elements from file "./data/l_discount.csv" INFO - loaded 46000 elements from "./data/l_discount.csv" INFO - sorting using branching implementation INFO - elapsed: 153.864492ms INFO - branch misses: 113063
INFO - Loading 46000 elements from file "./data/l_discount.csv" INFO - loaded 46000 elements from "./data/l_discount.csv" INFO - sorting using condition-assign implementation INFO - elapsed: 137.488549ms INFO - branch misses: 48873
INFO - Loading 51000 elements from file "./data/l_discount.csv" INFO - loaded 51000 elements from "./data/l_discount.csv" INFO - sorting using branching implementation INFO - elapsed: 188.116953ms INFO - branch misses: 120222
INFO - Loading 51000 elements from file "./data/l_discount.csv" INFO - loaded 51000 elements from "./data/l_discount.csv" INFO - sorting using condition-assign implementation INFO - elapsed: 183.931289ms INFO - branch misses: 54371
INFO - Loading 56000 elements from file "./data/l_discount.csv" INFO - loaded 56000 elements from "./data/l_discount.csv" INFO - sorting using branching implementation INFO - elapsed: 227.470295ms INFO - branch misses: 139853
INFO - Loading 56000 elements from file "./data/l_discount.csv" INFO - loaded 56000 elements from "./data/l_discount.csv" INFO - sorting using condition-assign implementation INFO - elapsed: 207.055782ms INFO - branch misses: 60153
INFO - Loading 61000 elements from file "./data/l_discount.csv" INFO - loaded 61000 elements from "./data/l_discount.csv" INFO - sorting using branching implementation INFO - elapsed: 252.48024ms INFO - branch misses: 145338
INFO - Loading 61000 elements from file "./data/l_discount.csv" INFO - loaded 61000 elements from "./data/l_discount.csv" INFO - sorting using condition-assign implementation INFO - elapsed: 223.55208ms INFO - branch misses: 65732
INFO - Loading 66000 elements from file "./data/l_discount.csv" INFO - loaded 66000 elements from "./data/l_discount.csv" INFO - sorting using branching implementation INFO - elapsed: 291.9249ms INFO - branch misses: 170467
INFO - Loading 66000 elements from file "./data/l_discount.csv" INFO - loaded 66000 elements from "./data/l_discount.csv" INFO - sorting using condition-assign implementation INFO - elapsed: 269.42355ms INFO - branch misses: 71261
INFO - Loading 71000 elements from file "./data/l_discount.csv" INFO - loaded 71000 elements from "./data/l_discount.csv" INFO - sorting using branching implementation INFO - elapsed: 337.81572ms INFO - branch misses: 167143
INFO - Loading 71000 elements from file "./data/l_discount.csv" INFO - loaded 71000 elements from "./data/l_discount.csv" INFO - sorting using condition-assign implementation INFO - elapsed: 322.48458ms INFO - branch misses: 76761
INFO - Loading 76000 elements from file "./data/l_discount.csv" INFO - loaded 76000 elements from "./data/l_discount.csv" INFO - sorting using branching implementation INFO - elapsed: 420.354097ms INFO - branch misses: 174900
INFO - Loading 76000 elements from file "./data/l_discount.csv" INFO - loaded 76000 elements from "./data/l_discount.csv" INFO - sorting using condition-assign implementation INFO - elapsed: 373.982995ms INFO - branch misses: 81580
INFO - Loading 81000 elements from file "./data/l_discount.csv" INFO - loaded 81000 elements from "./data/l_discount.csv" INFO - sorting using branching implementation INFO - elapsed: 471.947374ms INFO - branch misses: 194600
INFO - Loading 81000 elements from file "./data/l_discount.csv" INFO - loaded 81000 elements from "./data/l_discount.csv" INFO - sorting using condition-assign implementation INFO - elapsed: 422.692668ms INFO - branch misses: 87451
INFO - Loading 86000 elements from file "./data/l_discount.csv" INFO - loaded 86000 elements from "./data/l_discount.csv" INFO - sorting using branching implementation INFO - elapsed: 545.112229ms INFO - branch misses: 213808
INFO - Loading 86000 elements from file "./data/l_discount.csv" INFO - loaded 86000 elements from "./data/l_discount.csv" INFO - sorting using condition-assign implementation INFO - elapsed: 498.799784ms INFO - branch misses: 93709
INFO - Loading 91000 elements from file "./data/l_discount.csv" INFO - loaded 91000 elements from "./data/l_discount.csv" INFO - sorting using branching implementation INFO - elapsed: 596.093782ms INFO - branch misses: 236011
INFO - Loading 91000 elements from file "./data/l_discount.csv" INFO - loaded 91000 elements from "./data/l_discount.csv" INFO - sorting using condition-assign implementation INFO - elapsed: 546.990971ms INFO - branch misses: 99279
INFO - Loading 96000 elements from file "./data/l_discount.csv" INFO - loaded 96000 elements from "./data/l_discount.csv" INFO - sorting using branching implementation INFO - elapsed: 687.664206ms INFO - branch misses: 239053
INFO - Loading 96000 elements from file "./data/l_discount.csv" INFO - loaded 96000 elements from "./data/l_discount.csv" INFO - sorting using condition-assign implementation INFO - elapsed: 597.257174ms INFO - branch misses: 104221
INFO - Loading 1000 elements from file "./data/l_extendedprice.csv" INFO - loaded 1000 elements from "./data/l_extendedprice.csv" INFO - sorting using branching implementation INFO - elapsed: 77.892µs INFO - branch misses: 5373
INFO - Loading 1000 elements from file "./data/l_extendedprice.csv" INFO - loaded 1000 elements from "./data/l_extendedprice.csv" INFO - sorting using condition-assign implementation INFO - elapsed: 59.924µs INFO - branch misses: 1719
INFO - Loading 6000 elements from file "./data/l_extendedprice.csv" INFO - loaded 6000 elements from "./data/l_extendedprice.csv" INFO - sorting using branching implementation INFO - elapsed: 339.732µs INFO - branch misses: 35028
INFO - Loading 6000 elements from file "./data/l_extendedprice.csv" INFO - loaded 6000 elements from "./data/l_extendedprice.csv" INFO - sorting using condition-assign implementation INFO - elapsed: 280.196µs INFO - branch misses: 6466
INFO - Loading 11000 elements from file "./data/l_extendedprice.csv" INFO - loaded 11000 elements from "./data/l_extendedprice.csv" INFO - sorting using branching implementation INFO - elapsed: 637.217µs INFO - branch misses: 68912
INFO - Loading 11000 elements from file "./data/l_extendedprice.csv" INFO - loaded 11000 elements from "./data/l_extendedprice.csv" INFO - sorting using condition-assign implementation INFO - elapsed: 415.584µs INFO - branch misses: 10952
INFO - Loading 16000 elements from file "./data/l_extendedprice.csv" INFO - loaded 16000 elements from "./data/l_extendedprice.csv" INFO - sorting using branching implementation INFO - elapsed: 949.56µs INFO - branch misses: 104787
INFO - Loading 16000 elements from file "./data/l_extendedprice.csv" INFO - loaded 16000 elements from "./data/l_extendedprice.csv" INFO - sorting using condition-assign implementation INFO - elapsed: 553.206µs INFO - branch misses: 16847
INFO - Loading 21000 elements from file "./data/l_extendedprice.csv" INFO - loaded 21000 elements from "./data/l_extendedprice.csv" INFO - sorting using branching implementation INFO - elapsed: 1.611349ms INFO - branch misses: 141113
INFO - Loading 21000 elements from file "./data/l_extendedprice.csv" INFO - loaded 21000 elements from "./data/l_extendedprice.csv" INFO - sorting using condition-assign implementation INFO - elapsed: 861.374µs INFO - branch misses: 22595
INFO - Loading 26000 elements from file "./data/l_extendedprice.csv" INFO - loaded 26000 elements from "./data/l_extendedprice.csv" INFO - sorting using branching implementation INFO - elapsed: 3.394796ms INFO - branch misses: 173081
INFO - Loading 26000 elements from file "./data/l_extendedprice.csv" INFO - loaded 26000 elements from "./data/l_extendedprice.csv" INFO - sorting using condition-assign implementation INFO - elapsed: 1.056492ms INFO - branch misses: 24068
INFO - Loading 31000 elements from file "./data/l_extendedprice.csv" INFO - loaded 31000 elements from "./data/l_extendedprice.csv" INFO - sorting using branching implementation INFO - elapsed: 2.763602ms INFO - branch misses: 203846
INFO - Loading 31000 elements from file "./data/l_extendedprice.csv" INFO - loaded 31000 elements from "./data/l_extendedprice.csv" INFO - sorting using condition-assign implementation INFO - elapsed: 1.364659ms INFO - branch misses: 31870
INFO - Loading 36000 elements from file "./data/l_extendedprice.csv" INFO - loaded 36000 elements from "./data/l_extendedprice.csv" INFO - sorting using branching implementation INFO - elapsed: 2.260511ms INFO - branch misses: 242932
INFO - Loading 36000 elements from file "./data/l_extendedprice.csv" INFO - loaded 36000 elements from "./data/l_extendedprice.csv" INFO - sorting using condition-assign implementation INFO - elapsed: 1.270645ms INFO - branch misses: 36846
INFO - Loading 41000 elements from file "./data/l_extendedprice.csv" INFO - loaded 41000 elements from "./data/l_extendedprice.csv" INFO - sorting using branching implementation INFO - elapsed: 2.594124ms INFO - branch misses: 292457
INFO - Loading 41000 elements from file "./data/l_extendedprice.csv" INFO - loaded 41000 elements from "./data/l_extendedprice.csv" INFO - sorting using condition-assign implementation INFO - elapsed: 1.621934ms INFO - branch misses: 42165
INFO - Loading 46000 elements from file "./data/l_extendedprice.csv" INFO - loaded 46000 elements from "./data/l_extendedprice.csv" INFO - sorting using branching implementation INFO - elapsed: 4.09592ms INFO - branch misses: 325334
INFO - Loading 46000 elements from file "./data/l_extendedprice.csv" INFO - loaded 46000 elements from "./data/l_extendedprice.csv" INFO - sorting using condition-assign implementation INFO - elapsed: 1.645438ms INFO - branch misses: 47621
INFO - Loading 51000 elements from file "./data/l_extendedprice.csv" INFO - loaded 51000 elements from "./data/l_extendedprice.csv" INFO - sorting using branching implementation INFO - elapsed: 3.443746ms INFO - branch misses: 355793
INFO - Loading 51000 elements from file "./data/l_extendedprice.csv" INFO - loaded 51000 elements from "./data/l_extendedprice.csv" INFO - sorting using condition-assign implementation INFO - elapsed: 1.885135ms INFO - branch misses: 49674
INFO - Loading 56000 elements from file "./data/l_extendedprice.csv" INFO - loaded 56000 elements from "./data/l_extendedprice.csv" INFO - sorting using branching implementation INFO - elapsed: 8.469435ms INFO - branch misses: 394834
INFO - Loading 56000 elements from file "./data/l_extendedprice.csv" INFO - loaded 56000 elements from "./data/l_extendedprice.csv" INFO - sorting using condition-assign implementation INFO - elapsed: 2.185081ms INFO - branch misses: 54939
INFO - Loading 61000 elements from file "./data/l_extendedprice.csv" INFO - loaded 61000 elements from "./data/l_extendedprice.csv" INFO - sorting using branching implementation INFO - elapsed: 4.111634ms INFO - branch misses: 425927
INFO - Loading 61000 elements from file "./data/l_extendedprice.csv" INFO - loaded 61000 elements from "./data/l_extendedprice.csv" INFO - sorting using condition-assign implementation INFO - elapsed: 2.343708ms INFO - branch misses: 58768
INFO - Loading 66000 elements from file "./data/l_extendedprice.csv" INFO - loaded 66000 elements from "./data/l_extendedprice.csv" INFO - sorting using branching implementation INFO - elapsed: 4.459397ms INFO - branch misses: 464360
INFO - Loading 66000 elements from file "./data/l_extendedprice.csv" INFO - loaded 66000 elements from "./data/l_extendedprice.csv" INFO - sorting using condition-assign implementation INFO - elapsed: 2.52098ms INFO - branch misses: 64168
INFO - Loading 71000 elements from file "./data/l_extendedprice.csv" INFO - loaded 71000 elements from "./data/l_extendedprice.csv" INFO - sorting using branching implementation INFO - elapsed: 4.791107ms INFO - branch misses: 514730
INFO - Loading 71000 elements from file "./data/l_extendedprice.csv" INFO - loaded 71000 elements from "./data/l_extendedprice.csv" INFO - sorting using condition-assign implementation INFO - elapsed: 5.851246ms INFO - branch misses: 68889
INFO - Loading 76000 elements from file "./data/l_extendedprice.csv" INFO - loaded 76000 elements from "./data/l_extendedprice.csv" INFO - sorting using branching implementation INFO - elapsed: 6.232907ms INFO - branch misses: 547982
INFO - Loading 76000 elements from file "./data/l_extendedprice.csv" INFO - loaded 76000 elements from "./data/l_extendedprice.csv" INFO - sorting using condition-assign implementation INFO - elapsed: 3.572841ms INFO - branch misses: 72594
INFO - Loading 81000 elements from file "./data/l_extendedprice.csv" INFO - loaded 81000 elements from "./data/l_extendedprice.csv" INFO - sorting using branching implementation INFO - elapsed: 5.451039ms INFO - branch misses: 576205
INFO - Loading 81000 elements from file "./data/l_extendedprice.csv" INFO - loaded 81000 elements from "./data/l_extendedprice.csv" INFO - sorting using condition-assign implementation INFO - elapsed: 3.696872ms INFO - branch misses: 78396
INFO - Loading 86000 elements from file "./data/l_extendedprice.csv" INFO - loaded 86000 elements from "./data/l_extendedprice.csv" INFO - sorting using branching implementation INFO - elapsed: 6.066304ms INFO - branch misses: 621248
INFO - Loading 86000 elements from file "./data/l_extendedprice.csv" INFO - loaded 86000 elements from "./data/l_extendedprice.csv" INFO - sorting using condition-assign implementation INFO - elapsed: 3.289387ms INFO - branch misses: 82606
INFO - Loading 91000 elements from file "./data/l_extendedprice.csv" INFO - loaded 91000 elements from "./data/l_extendedprice.csv" INFO - sorting using branching implementation INFO - elapsed: 14.115493ms INFO - branch misses: 671282
INFO - Loading 91000 elements from file "./data/l_extendedprice.csv" INFO - loaded 91000 elements from "./data/l_extendedprice.csv" INFO - sorting using condition-assign implementation INFO - elapsed: 4.519817ms INFO - branch misses: 88069
INFO - Loading 96000 elements from file "./data/l_extendedprice.csv" INFO - loaded 96000 elements from "./data/l_extendedprice.csv" INFO - sorting using branching implementation INFO - elapsed: 6.87357ms INFO - branch misses: 694770
INFO - Loading 96000 elements from file "./data/l_extendedprice.csv" INFO - loaded 96000 elements from "./data/l_extendedprice.csv" INFO - sorting using condition-assign implementation INFO - elapsed: 3.3588ms INFO - branch misses: 93095
INFO - Loading 1000 elements from file "./data/l_orderkey.csv" INFO - loaded 1000 elements from "./data/l_orderkey.csv" INFO - sorting using branching implementation INFO - elapsed: 809.19µs INFO - branch misses: 1150
INFO - Loading 1000 elements from file "./data/l_orderkey.csv" INFO - loaded 1000 elements from "./data/l_orderkey.csv" INFO - sorting using condition-assign implementation INFO - elapsed: 742.05µs INFO - branch misses: 1209
INFO - Loading 6000 elements from file "./data/l_orderkey.csv" INFO - loaded 6000 elements from "./data/l_orderkey.csv" INFO - sorting using branching implementation INFO - elapsed: 27.25605ms INFO - branch misses: 6498
INFO - Loading 6000 elements from file "./data/l_orderkey.csv" INFO - loaded 6000 elements from "./data/l_orderkey.csv" INFO - sorting using condition-assign implementation INFO - elapsed: 25.20774ms INFO - branch misses: 6891
INFO - Loading 11000 elements from file "./data/l_orderkey.csv" INFO - loaded 11000 elements from "./data/l_orderkey.csv" INFO - sorting using branching implementation INFO - elapsed: 89.98839ms INFO - branch misses: 12064
INFO - Loading 11000 elements from file "./data/l_orderkey.csv" INFO - loaded 11000 elements from "./data/l_orderkey.csv" INFO - sorting using condition-assign implementation INFO - elapsed: 83.31822ms INFO - branch misses: 12827
INFO - Loading 16000 elements from file "./data/l_orderkey.csv" INFO - loaded 16000 elements from "./data/l_orderkey.csv" INFO - sorting using branching implementation INFO - elapsed: 188.54109ms INFO - branch misses: 17803
INFO - Loading 16000 elements from file "./data/l_orderkey.csv" INFO - loaded 16000 elements from "./data/l_orderkey.csv" INFO - sorting using condition-assign implementation INFO - elapsed: 172.10943ms INFO - branch misses: 18745
INFO - Loading 21000 elements from file "./data/l_orderkey.csv" INFO - loaded 21000 elements from "./data/l_orderkey.csv" INFO - sorting using branching implementation INFO - elapsed: 324.27774ms INFO - branch misses: 23866
INFO - Loading 21000 elements from file "./data/l_orderkey.csv" INFO - loaded 21000 elements from "./data/l_orderkey.csv" INFO - sorting using condition-assign implementation INFO - elapsed: 299.56122ms INFO - branch misses: 25067
INFO - Loading 26000 elements from file "./data/l_orderkey.csv" INFO - loaded 26000 elements from "./data/l_orderkey.csv" INFO - sorting using branching implementation INFO - elapsed: 501.31854ms INFO - branch misses: 30326
INFO - Loading 26000 elements from file "./data/l_orderkey.csv" INFO - loaded 26000 elements from "./data/l_orderkey.csv" INFO - sorting using condition-assign implementation INFO - elapsed: 449.73936ms INFO - branch misses: 31396
INFO - Loading 31000 elements from file "./data/l_orderkey.csv" INFO - loaded 31000 elements from "./data/l_orderkey.csv" INFO - sorting using branching implementation INFO - elapsed: 738.512927ms INFO - branch misses: 37513
INFO - Loading 31000 elements from file "./data/l_orderkey.csv" INFO - loaded 31000 elements from "./data/l_orderkey.csv" INFO - sorting using condition-assign implementation INFO - elapsed: 676.493465ms INFO - branch misses: 38185
INFO - Loading 36000 elements from file "./data/l_orderkey.csv" INFO - loaded 36000 elements from "./data/l_orderkey.csv" INFO - sorting using branching implementation INFO - elapsed: 1.010142329s INFO - branch misses: 42999
INFO - Loading 36000 elements from file "./data/l_orderkey.csv" INFO - loaded 36000 elements from "./data/l_orderkey.csv" INFO - sorting using condition-assign implementation INFO - elapsed: 903.285939ms INFO - branch misses: 44339
INFO - Loading 41000 elements from file "./data/l_orderkey.csv" INFO - loaded 41000 elements from "./data/l_orderkey.csv" INFO - sorting using branching implementation INFO - elapsed: 1.310065724s INFO - branch misses: 49402
INFO - Loading 41000 elements from file "./data/l_orderkey.csv" INFO - loaded 41000 elements from "./data/l_orderkey.csv" INFO - sorting using condition-assign implementation INFO - elapsed: 1.21671384s INFO - branch misses: 51805
INFO - Loading 46000 elements from file "./data/l_orderkey.csv" INFO - loaded 46000 elements from "./data/l_orderkey.csv" INFO - sorting using branching implementation INFO - elapsed: 1.707203932s INFO - branch misses: 56804
INFO - Loading 46000 elements from file "./data/l_orderkey.csv" INFO - loaded 46000 elements from "./data/l_orderkey.csv" INFO - sorting using condition-assign implementation INFO - elapsed: 1.555142379s INFO - branch misses: 57728
INFO - Loading 51000 elements from file "./data/l_orderkey.csv" INFO - loaded 51000 elements from "./data/l_orderkey.csv" INFO - sorting using branching implementation INFO - elapsed: 2.115082806s INFO - branch misses: 62646
INFO - Loading 51000 elements from file "./data/l_orderkey.csv" INFO - loaded 51000 elements from "./data/l_orderkey.csv" INFO - sorting using condition-assign implementation INFO - elapsed: 1.75831704s INFO - branch misses: 68521
INFO - Loading 56000 elements from file "./data/l_orderkey.csv" INFO - loaded 56000 elements from "./data/l_orderkey.csv" INFO - sorting using branching implementation INFO - elapsed: 2.36200806s INFO - branch misses: 73052
INFO - Loading 56000 elements from file "./data/l_orderkey.csv" INFO - loaded 56000 elements from "./data/l_orderkey.csv" INFO - sorting using condition-assign implementation INFO - elapsed: 2.418229436s INFO - branch misses: 80717
INFO - Loading 61000 elements from file "./data/l_orderkey.csv" INFO - loaded 61000 elements from "./data/l_orderkey.csv" INFO - sorting using branching implementation INFO - elapsed: 2.961018243s INFO - branch misses: 78134
INFO - Loading 61000 elements from file "./data/l_orderkey.csv" INFO - loaded 61000 elements from "./data/l_orderkey.csv" INFO - sorting using condition-assign implementation INFO - elapsed: 2.714042131s INFO - branch misses: 81586
INFO - Loading 66000 elements from file "./data/l_orderkey.csv" INFO - loaded 66000 elements from "./data/l_orderkey.csv" INFO - sorting using branching implementation INFO - elapsed: 3.532879233s INFO - branch misses: 84332
INFO - Loading 66000 elements from file "./data/l_orderkey.csv" INFO - loaded 66000 elements from "./data/l_orderkey.csv" INFO - sorting using condition-assign implementation INFO - elapsed: 2.956362056s INFO - branch misses: 89739
INFO - Loading 71000 elements from file "./data/l_orderkey.csv" INFO - loaded 71000 elements from "./data/l_orderkey.csv" INFO - sorting using branching implementation INFO - elapsed: 4.009166073s INFO - branch misses: 94818
INFO - Loading 71000 elements from file "./data/l_orderkey.csv" INFO - loaded 71000 elements from "./data/l_orderkey.csv" INFO - sorting using condition-assign implementation INFO - elapsed: 3.600977204s INFO - branch misses: 95707
INFO - Loading 76000 elements from file "./data/l_orderkey.csv" INFO - loaded 76000 elements from "./data/l_orderkey.csv" INFO - sorting using branching implementation INFO - elapsed: 6.179054877s INFO - branch misses: 120749
INFO - Loading 76000 elements from file "./data/l_orderkey.csv" INFO - loaded 76000 elements from "./data/l_orderkey.csv" INFO - sorting using condition-assign implementation INFO - elapsed: 5.107544887s INFO - branch misses: 130330
INFO - Loading 81000 elements from file "./data/l_orderkey.csv" INFO - loaded 81000 elements from "./data/l_orderkey.csv" INFO - sorting using branching implementation INFO - elapsed: 5.248307095s INFO - branch misses: 111098
INFO - Loading 81000 elements from file "./data/l_orderkey.csv" INFO - loaded 81000 elements from "./data/l_orderkey.csv" INFO - sorting using condition-assign implementation INFO - elapsed: 4.702814576s INFO - branch misses: 113042
INFO - Loading 86000 elements from file "./data/l_orderkey.csv" INFO - loaded 86000 elements from "./data/l_orderkey.csv" INFO - sorting using branching implementation INFO - elapsed: 5.801958312s INFO - branch misses: 120291
INFO - Loading 86000 elements from file "./data/l_orderkey.csv" INFO - loaded 86000 elements from "./data/l_orderkey.csv" INFO - sorting using condition-assign implementation INFO - elapsed: 5.31130741s INFO - branch misses: 121714
INFO - Loading 91000 elements from file "./data/l_orderkey.csv" INFO - loaded 91000 elements from "./data/l_orderkey.csv" INFO - sorting using branching implementation INFO - elapsed: 6.178726372s INFO - branch misses: 129182
INFO - Loading 91000 elements from file "./data/l_orderkey.csv" INFO - loaded 91000 elements from "./data/l_orderkey.csv" INFO - sorting using condition-assign implementation INFO - elapsed: 5.885259246s INFO - branch misses: 132723
INFO - Loading 96000 elements from file "./data/l_orderkey.csv" INFO - loaded 96000 elements from "./data/l_orderkey.csv" INFO - sorting using branching implementation INFO - elapsed: 7.426270124s INFO - branch misses: 133478
INFO - Loading 96000 elements from file "./data/l_orderkey.csv" INFO - loaded 96000 elements from "./data/l_orderkey.csv" INFO - sorting using condition-assign implementation INFO - elapsed: 6.624117129s INFO - branch misses: 141660
INFO - Loading 1000 elements from file "./data/l_tax.csv" INFO - loaded 1000 elements from "./data/l_tax.csv" INFO - sorting using branching implementation INFO - elapsed: 258.889µs INFO - branch misses: 1927
INFO - Loading 1000 elements from file "./data/l_tax.csv" INFO - loaded 1000 elements from "./data/l_tax.csv" INFO - sorting using condition-assign implementation INFO - elapsed: 232.875µs INFO - branch misses: 562
INFO - Loading 6000 elements from file "./data/l_tax.csv" INFO - loaded 6000 elements from "./data/l_tax.csv" INFO - sorting using branching implementation INFO - elapsed: 6.310256ms INFO - branch misses: 13776
INFO - Loading 6000 elements from file "./data/l_tax.csv" INFO - loaded 6000 elements from "./data/l_tax.csv" INFO - sorting using condition-assign implementation INFO - elapsed: 2.991143ms INFO - branch misses: 5869
INFO - Loading 11000 elements from file "./data/l_tax.csv" INFO - loaded 11000 elements from "./data/l_tax.csv" INFO - sorting using branching implementation INFO - elapsed: 11.033747ms INFO - branch misses: 26707
INFO - Loading 11000 elements from file "./data/l_tax.csv" INFO - loaded 11000 elements from "./data/l_tax.csv" INFO - sorting using condition-assign implementation INFO - elapsed: 9.923426ms INFO - branch misses: 11556
INFO - Loading 16000 elements from file "./data/l_tax.csv" INFO - loaded 16000 elements from "./data/l_tax.csv" INFO - sorting using branching implementation INFO - elapsed: 23.575833ms INFO - branch misses: 35723
INFO - Loading 16000 elements from file "./data/l_tax.csv" INFO - loaded 16000 elements from "./data/l_tax.csv" INFO - sorting using condition-assign implementation INFO - elapsed: 20.365498ms INFO - branch misses: 16420
INFO - Loading 21000 elements from file "./data/l_tax.csv" INFO - loaded 21000 elements from "./data/l_tax.csv" INFO - sorting using branching implementation INFO - elapsed: 39.378742ms INFO - branch misses: 46649
INFO - Loading 21000 elements from file "./data/l_tax.csv" INFO - loaded 21000 elements from "./data/l_tax.csv" INFO - sorting using condition-assign implementation INFO - elapsed: 35.667297ms INFO - branch misses: 22263
INFO - Loading 26000 elements from file "./data/l_tax.csv" INFO - loaded 26000 elements from "./data/l_tax.csv" INFO - sorting using branching implementation INFO - elapsed: 59.781622ms INFO - branch misses: 60696
INFO - Loading 26000 elements from file "./data/l_tax.csv" INFO - loaded 26000 elements from "./data/l_tax.csv" INFO - sorting using condition-assign implementation INFO - elapsed: 53.391525ms INFO - branch misses: 27275
INFO - Loading 31000 elements from file "./data/l_tax.csv" INFO - loaded 31000 elements from "./data/l_tax.csv" INFO - sorting using branching implementation INFO - elapsed: 84.39811ms INFO - branch misses: 68731
INFO - Loading 31000 elements from file "./data/l_tax.csv" INFO - loaded 31000 elements from "./data/l_tax.csv" INFO - sorting using condition-assign implementation INFO - elapsed: 76.535339ms INFO - branch misses: 32591
INFO - Loading 36000 elements from file "./data/l_tax.csv" INFO - loaded 36000 elements from "./data/l_tax.csv" INFO - sorting using branching implementation INFO - elapsed: 118.887874ms INFO - branch misses: 91810
INFO - Loading 36000 elements from file "./data/l_tax.csv" INFO - loaded 36000 elements from "./data/l_tax.csv" INFO - sorting using condition-assign implementation INFO - elapsed: 102.442561ms INFO - branch misses: 38364
INFO - Loading 41000 elements from file "./data/l_tax.csv" INFO - loaded 41000 elements from "./data/l_tax.csv" INFO - sorting using branching implementation INFO - elapsed: 147.361055ms INFO - branch misses: 93882
INFO - Loading 41000 elements from file "./data/l_tax.csv" INFO - loaded 41000 elements from "./data/l_tax.csv" INFO - sorting using condition-assign implementation INFO - elapsed: 133.7066ms INFO - branch misses: 43813
INFO - Loading 46000 elements from file "./data/l_tax.csv" INFO - loaded 46000 elements from "./data/l_tax.csv" INFO - sorting using branching implementation INFO - elapsed: 186.100289ms INFO - branch misses: 112025
INFO - Loading 46000 elements from file "./data/l_tax.csv" INFO - loaded 46000 elements from "./data/l_tax.csv" INFO - sorting using condition-assign implementation INFO - elapsed: 166.472593ms INFO - branch misses: 48936
INFO - Loading 51000 elements from file "./data/l_tax.csv" INFO - loaded 51000 elements from "./data/l_tax.csv" INFO - sorting using branching implementation INFO - elapsed: 230.685529ms INFO - branch misses: 119905
INFO - Loading 51000 elements from file "./data/l_tax.csv" INFO - loaded 51000 elements from "./data/l_tax.csv" INFO - sorting using condition-assign implementation INFO - elapsed: 204.912765ms INFO - branch misses: 54308
INFO - Loading 56000 elements from file "./data/l_tax.csv" INFO - loaded 56000 elements from "./data/l_tax.csv" INFO - sorting using branching implementation INFO - elapsed: 275.328463ms INFO - branch misses: 137672
INFO - Loading 56000 elements from file "./data/l_tax.csv" INFO - loaded 56000 elements from "./data/l_tax.csv" INFO - sorting using condition-assign implementation INFO - elapsed: 253.975262ms INFO - branch misses: 60280
INFO - Loading 61000 elements from file "./data/l_tax.csv" INFO - loaded 61000 elements from "./data/l_tax.csv" INFO - sorting using branching implementation INFO - elapsed: 325.754316ms INFO - branch misses: 135655
INFO - Loading 61000 elements from file "./data/l_tax.csv" INFO - loaded 61000 elements from "./data/l_tax.csv" INFO - sorting using condition-assign implementation INFO - elapsed: 294.166662ms INFO - branch misses: 66207
INFO - Loading 66000 elements from file "./data/l_tax.csv" INFO - loaded 66000 elements from "./data/l_tax.csv" INFO - sorting using branching implementation INFO - elapsed: 383.797011ms INFO - branch misses: 146749
INFO - Loading 66000 elements from file "./data/l_tax.csv" INFO - loaded 66000 elements from "./data/l_tax.csv" INFO - sorting using condition-assign implementation INFO - elapsed: 342.815589ms INFO - branch misses: 71225
INFO - Loading 71000 elements from file "./data/l_tax.csv" INFO - loaded 71000 elements from "./data/l_tax.csv" INFO - sorting using branching implementation INFO - elapsed: 446.929185ms INFO - branch misses: 173492
INFO - Loading 71000 elements from file "./data/l_tax.csv" INFO - loaded 71000 elements from "./data/l_tax.csv" INFO - sorting using condition-assign implementation INFO - elapsed: 408.84919ms INFO - branch misses: 77468
INFO - Loading 76000 elements from file "./data/l_tax.csv" INFO - loaded 76000 elements from "./data/l_tax.csv" INFO - sorting using branching implementation INFO - elapsed: 508.281363ms INFO - branch misses: 169944
INFO - Loading 76000 elements from file "./data/l_tax.csv" INFO - loaded 76000 elements from "./data/l_tax.csv" INFO - sorting using condition-assign implementation INFO - elapsed: 474.826567ms INFO - branch misses: 83317
INFO - Loading 81000 elements from file "./data/l_tax.csv" INFO - loaded 81000 elements from "./data/l_tax.csv" INFO - sorting using branching implementation INFO - elapsed: 584.747305ms INFO - branch misses: 181650
INFO - Loading 81000 elements from file "./data/l_tax.csv" INFO - loaded 81000 elements from "./data/l_tax.csv" INFO - sorting using condition-assign implementation INFO - elapsed: 523.141687ms INFO - branch misses: 88965
INFO - Loading 86000 elements from file "./data/l_tax.csv" INFO - loaded 86000 elements from "./data/l_tax.csv" INFO - sorting using branching implementation INFO - elapsed: 665.035288ms INFO - branch misses: 201540
INFO - Loading 86000 elements from file "./data/l_tax.csv" INFO - loaded 86000 elements from "./data/l_tax.csv" INFO - sorting using condition-assign implementation INFO - elapsed: 588.161781ms INFO - branch misses: 94195
INFO - Loading 91000 elements from file "./data/l_tax.csv" INFO - loaded 91000 elements from "./data/l_tax.csv" INFO - sorting using branching implementation INFO - elapsed: 752.69134ms INFO - branch misses: 201035
INFO - Loading 91000 elements from file "./data/l_tax.csv" INFO - loaded 91000 elements from "./data/l_tax.csv" INFO - sorting using condition-assign implementation INFO - elapsed: 655.477561ms INFO - branch misses: 100213
INFO - Loading 96000 elements from file "./data/l_tax.csv" INFO - loaded 96000 elements from "./data/l_tax.csv" INFO - sorting using branching implementation INFO - elapsed: 829.918399ms INFO - branch misses: 215243
INFO - Loading 96000 elements from file "./data/l_tax.csv" INFO - loaded 96000 elements from "./data/l_tax.csv" INFO - sorting using condition-assign implementation INFO - elapsed: 740.138842ms INFO - branch misses: 106780
INFO - Loading 1000 elements from file "./data/test.csv" INFO - loaded 1000 elements from "./data/test.csv" INFO - sorting using branching implementation INFO - elapsed: 76.223µs INFO - branch misses: 5200
INFO - Loading 1000 elements from file "./data/test.csv" INFO - loaded 1000 elements from "./data/test.csv" INFO - sorting using condition-assign implementation INFO - elapsed: 58.514µs INFO - branch misses: 1505
INFO - Loading 6000 elements from file "./data/test.csv" INFO - loaded 6000 elements from "./data/test.csv" INFO - sorting using branching implementation INFO - elapsed: 343.194µs INFO - branch misses: 36545
INFO - Loading 6000 elements from file "./data/test.csv" INFO - loaded 6000 elements from "./data/test.csv" INFO - sorting using condition-assign implementation INFO - elapsed: 207.591µs INFO - branch misses: 6924
INFO - Loading 11000 elements from file "./data/test.csv" INFO - loaded 11000 elements from "./data/test.csv" INFO - sorting using branching implementation INFO - elapsed: 634.708µs INFO - branch misses: 69580
INFO - Loading 11000 elements from file "./data/test.csv" INFO - loaded 11000 elements from "./data/test.csv" INFO - sorting using condition-assign implementation INFO - elapsed: 393.336µs INFO - branch misses: 11946
INFO - Loading 16000 elements from file "./data/test.csv" INFO - loaded 16000 elements from "./data/test.csv" INFO - sorting using branching implementation INFO - elapsed: 936.326µs INFO - branch misses: 106677
INFO - Loading 16000 elements from file "./data/test.csv" INFO - loaded 16000 elements from "./data/test.csv" INFO - sorting using condition-assign implementation INFO - elapsed: 516.139µs INFO - branch misses: 17117
INFO - Loading 21000 elements from file "./data/test.csv" INFO - loaded 21000 elements from "./data/test.csv" INFO - sorting using branching implementation INFO - elapsed: 1.282216ms INFO - branch misses: 136724
INFO - Loading 21000 elements from file "./data/test.csv" INFO - loaded 21000 elements from "./data/test.csv" INFO - sorting using condition-assign implementation INFO - elapsed: 779.069µs INFO - branch misses: 23017
INFO - Loading 26000 elements from file "./data/test.csv" INFO - loaded 26000 elements from "./data/test.csv" INFO - sorting using branching implementation INFO - elapsed: 1.592977ms INFO - branch misses: 179056
INFO - Loading 26000 elements from file "./data/test.csv" INFO - loaded 26000 elements from "./data/test.csv" INFO - sorting using condition-assign implementation INFO - elapsed: 913.517µs INFO - branch misses: 27225
INFO - Loading 31000 elements from file "./data/test.csv" INFO - loaded 31000 elements from "./data/test.csv" INFO - sorting using branching implementation INFO - elapsed: 1.990933ms INFO - branch misses: 223992
INFO - Loading 31000 elements from file "./data/test.csv" INFO - loaded 31000 elements from "./data/test.csv" INFO - sorting using condition-assign implementation INFO - elapsed: 1.038238ms INFO - branch misses: 32070
INFO - Loading 36000 elements from file "./data/test.csv" INFO - loaded 36000 elements from "./data/test.csv" INFO - sorting using branching implementation INFO - elapsed: 2.296103ms INFO - branch misses: 248057
INFO - Loading 36000 elements from file "./data/test.csv" INFO - loaded 36000 elements from "./data/test.csv" INFO - sorting using condition-assign implementation INFO - elapsed: 1.325263ms INFO - branch misses: 36410
INFO - Loading 41000 elements from file "./data/test.csv" INFO - loaded 41000 elements from "./data/test.csv" INFO - sorting using branching implementation INFO - elapsed: 2.597667ms INFO - branch misses: 282525
INFO - Loading 41000 elements from file "./data/test.csv" INFO - loaded 41000 elements from "./data/test.csv" INFO - sorting using condition-assign implementation INFO - elapsed: 1.502042ms INFO - branch misses: 42773
INFO - Loading 46000 elements from file "./data/test.csv" INFO - loaded 46000 elements from "./data/test.csv" INFO - sorting using branching implementation INFO - elapsed: 2.951898ms INFO - branch misses: 319947
INFO - Loading 46000 elements from file "./data/test.csv" INFO - loaded 46000 elements from "./data/test.csv" INFO - sorting using condition-assign implementation INFO - elapsed: 1.61354ms INFO - branch misses: 46479
INFO - Loading 51000 elements from file "./data/test.csv" INFO - loaded 51000 elements from "./data/test.csv" INFO - sorting using branching implementation INFO - elapsed: 3.337711ms INFO - branch misses: 358338
INFO - Loading 51000 elements from file "./data/test.csv" INFO - loaded 51000 elements from "./data/test.csv" INFO - sorting using condition-assign implementation INFO - elapsed: 1.925792ms INFO - branch misses: 48014
INFO - Loading 56000 elements from file "./data/test.csv" INFO - loaded 56000 elements from "./data/test.csv" INFO - sorting using branching implementation INFO - elapsed: 5.452702ms INFO - branch misses: 403389
INFO - Loading 56000 elements from file "./data/test.csv" INFO - loaded 56000 elements from "./data/test.csv" INFO - sorting using condition-assign implementation INFO - elapsed: 2.028719ms INFO - branch misses: 54107
INFO - Loading 61000 elements from file "./data/test.csv" INFO - loaded 61000 elements from "./data/test.csv" INFO - sorting using branching implementation INFO - elapsed: 4.029036ms INFO - branch misses: 418220
INFO - Loading 61000 elements from file "./data/test.csv" INFO - loaded 61000 elements from "./data/test.csv" INFO - sorting using condition-assign implementation INFO - elapsed: 2.209446ms INFO - branch misses: 57392
INFO - Loading 66000 elements from file "./data/test.csv" INFO - loaded 66000 elements from "./data/test.csv" INFO - sorting using branching implementation INFO - elapsed: 4.463858ms INFO - branch misses: 478582
INFO - Loading 66000 elements from file "./data/test.csv" INFO - loaded 66000 elements from "./data/test.csv" INFO - sorting using condition-assign implementation INFO - elapsed: 3.165554ms INFO - branch misses: 63940
INFO - Loading 71000 elements from file "./data/test.csv" INFO - loaded 71000 elements from "./data/test.csv" INFO - sorting using branching implementation INFO - elapsed: 4.614543ms INFO - branch misses: 498560
INFO - Loading 71000 elements from file "./data/test.csv" INFO - loaded 71000 elements from "./data/test.csv" INFO - sorting using condition-assign implementation INFO - elapsed: 2.646098ms INFO - branch misses: 67173
INFO - Loading 76000 elements from file "./data/test.csv" INFO - loaded 76000 elements from "./data/test.csv" INFO - sorting using branching implementation INFO - elapsed: 9.000987ms INFO - branch misses: 533546
INFO - Loading 76000 elements from file "./data/test.csv" INFO - loaded 76000 elements from "./data/test.csv" INFO - sorting using condition-assign implementation INFO - elapsed: 2.807085ms INFO - branch misses: 72504
INFO - Loading 81000 elements from file "./data/test.csv" INFO - loaded 81000 elements from "./data/test.csv" INFO - sorting using branching implementation INFO - elapsed: 5.503732ms INFO - branch misses: 596089
INFO - Loading 81000 elements from file "./data/test.csv" INFO - loaded 81000 elements from "./data/test.csv" INFO - sorting using condition-assign implementation INFO - elapsed: 3.923026ms INFO - branch misses: 77416
INFO - Loading 86000 elements from file "./data/test.csv" INFO - loaded 86000 elements from "./data/test.csv" INFO - sorting using branching implementation INFO - elapsed: 6.185621ms INFO - branch misses: 595396
INFO - Loading 86000 elements from file "./data/test.csv" INFO - loaded 86000 elements from "./data/test.csv" INFO - sorting using condition-assign implementation INFO - elapsed: 3.468872ms INFO - branch misses: 81827
INFO - Loading 91000 elements from file "./data/test.csv" INFO - loaded 91000 elements from "./data/test.csv" INFO - sorting using branching implementation INFO - elapsed: 7.638451ms INFO - branch misses: 665392
INFO - Loading 91000 elements from file "./data/test.csv" INFO - loaded 91000 elements from "./data/test.csv" INFO - sorting using condition-assign implementation INFO - elapsed: 3.505366ms INFO - branch misses: 86608
INFO - Loading 96000 elements from file "./data/test.csv" INFO - loaded 96000 elements from "./data/test.csv" INFO - sorting using branching implementation INFO - elapsed: 6.460045ms INFO - branch misses: 713657
INFO - Loading 96000 elements from file "./data/test.csv" INFO - loaded 96000 elements from "./data/test.csv" INFO - sorting using condition-assign implementation INFO - elapsed: 3.587309ms INFO - branch misses: 89098
